This file contains any messages produced by compilers while
running configure, to aid debugging if configure makes a mistake.

It was created by configure, which was
generated by GNU Autoconf 2.59.  Invocation command line was

  $ ./configure 

## --------- ##
## Platform. ##
## --------- ##

hostname = phoenix
uname -m = i386
uname -r = 9.4.0
uname -s = Darwin
uname -v = Darwin Kernel Version 9.4.0: Mon Jun  9 19:30:53 PDT 2008; root:xnu-1228.5.20~1/RELEASE_I386

/usr/bin/uname -p = i386
/bin/uname -X     = unknown

/bin/arch              = unknown
/usr/bin/arch -k       = unknown
/usr/convex/getsysinfo = unknown
hostinfo               = Mach kernel version:
	 Darwin Kernel Version 9.4.0: Mon Jun  9 19:30:53 PDT 2008; root:xnu-1228.5.20~1/RELEASE_I386
Kernel configured for up to 2 processors.
2 processors are physically available.
2 processors are logically available.
Processor type: i486 (Intel 80486)
Processors active: 0 1
Primary memory available: 4.00 gigabytes
Default processor set: 77 tasks, 276 threads, 2 processors
Load average: 1.20, Mach factor: 0.79
/bin/machine           = unknown
/usr/bin/oslevel       = unknown
/bin/universe          = unknown

PATH: .
PATH: /users/xinzhang/bin
PATH: /users/xinzhang/work/external/netcdf-3.6.1/bin
PATH: /users/xinzhang/work/external/mpich2-1.0.7/bin
PATH: /usr/bin
PATH: /bin
PATH: /usr/sbin
PATH: /sbin
PATH: /usr/local/bin
PATH: /usr/X11/bin


## ----------- ##
## Core tests. ##
## ----------- ##

configure:1298: checking for gcc
configure:1324: result: cc
configure:1568: checking for C compiler version
configure:1571: cc --version </dev/null >&5
i686-apple-darwin9-gcc-4.0.1 (GCC) 4.0.1 (Apple Inc. build 5465)
Copyright (C) 2005 Free Software Foundation, Inc.
This is free software; see the source for copying conditions.  There is NO
warranty; not even for MERCHANTABILITY or FITNESS FOR A PARTICULAR PURPOSE.

configure:1574: $? = 0
configure:1576: cc -v </dev/null >&5
Using built-in specs.
Target: i686-apple-darwin9
Configured with: /var/tmp/gcc/gcc-5465~16/src/configure --disable-checking -enable-werror --prefix=/usr --mandir=/share/man --enable-languages=c,objc,c++,obj-c++ --program-transform-name=/^[cg][^.-]*$/s/$/-4.0/ --with-gxx-include-dir=/include/c++/4.0.0 --with-slibdir=/usr/lib --build=i686-apple-darwin9 --with-arch=apple --with-tune=generic --host=i686-apple-darwin9 --target=i686-apple-darwin9
Thread model: posix
gcc version 4.0.1 (Apple Inc. build 5465)
configure:1579: $? = 0
configure:1581: cc -V </dev/null >&5
gcc-4.0: argument to `-V' is missing
configure:1584: $? = 1
configure:1607: checking for C compiler default output file name
configure:1610: cc    conftest.c  >&5
configure:1613: $? = 0
configure:1659: result: a.out
configure:1664: checking whether the C compiler works
configure:1670: ./a.out
configure:1673: $? = 0
configure:1690: result: yes
configure:1697: checking whether we are cross compiling
configure:1699: result: no
configure:1702: checking for suffix of executables
configure:1704: cc -o conftest    conftest.c  >&5
configure:1707: $? = 0
configure:1732: result: 
configure:1738: checking for suffix of object files
configure:1759: cc -c   conftest.c >&5
configure:1762: $? = 0
configure:1784: result: o
configure:1788: checking whether we are using the GNU C compiler
configure:1812: cc -c   conftest.c >&5
configure:1818: $? = 0
configure:1822: test -z 
			 || test ! -s conftest.err
configure:1825: $? = 0
configure:1828: test -s conftest.o
configure:1831: $? = 0
configure:1844: result: yes
configure:1850: checking whether cc accepts -g
configure:1871: cc -c -g  conftest.c >&5
configure:1877: $? = 0
configure:1881: test -z 
			 || test ! -s conftest.err
configure:1884: $? = 0
configure:1887: test -s conftest.o
configure:1890: $? = 0
configure:1901: result: yes
configure:1918: checking for cc option to accept ANSI C
configure:1988: cc  -c -g -O2  conftest.c >&5
configure:1994: $? = 0
configure:1998: test -z 
			 || test ! -s conftest.err
configure:2001: $? = 0
configure:2004: test -s conftest.o
configure:2007: $? = 0
configure:2025: result: none needed
configure:2043: cc -c -g -O2  conftest.c >&5
conftest.c:2: error: syntax error before 'me'
configure:2049: $? = 1
configure: failed program was:
| #ifndef __cplusplus
|   choke me
| #endif
configure:2187: checking for flex
configure:2203: found /usr/bin/flex
configure:2213: result: flex
configure:2226: checking for yywrap in -lfl
configure:2256: cc -o conftest -g -O2   conftest.c -lfl   >&5
configure:2262: $? = 0
configure:2266: test -z 
			 || test ! -s conftest.err
configure:2269: $? = 0
configure:2272: test -s conftest
configure:2275: $? = 0
configure:2288: result: yes
configure:2366: checking lex output file root
configure:2377: flex conftest.l
configure:2380: $? = 0
configure:2392: result: lex.yy
configure:2397: checking whether yytext is a pointer
configure:2413: cc -o conftest -g -O2   conftest.c  -lfl >&5
configure:2419: $? = 0
configure:2423: test -z 
			 || test ! -s conftest.err
configure:2426: $? = 0
configure:2429: test -s conftest
configure:2432: $? = 0
configure:2446: result: yes
configure:2461: checking for bison
configure:2477: found /usr/bin/bison
configure:2487: result: bison -y
configure:2536: checking for a BSD-compatible install
configure:2591: result: /usr/bin/install -c
configure:2607: checking how to run the C preprocessor
configure:2642: cc -E  conftest.c
configure:2648: $? = 0
configure:2680: cc -E  conftest.c
conftest.c:10:28: error: ac_nonexistent.h: No such file or directory
configure:2686: $? = 1
configure: failed program was:
| /* confdefs.h.  */
| 
| #define PACKAGE_NAME ""
| #define PACKAGE_TARNAME ""
| #define PACKAGE_VERSION ""
| #define PACKAGE_STRING ""
| #define PACKAGE_BUGREPORT ""
| #define YYTEXT_POINTER 1
| /* end confdefs.h.  */
| #include <ac_nonexistent.h>
configure:2725: result: cc -E
configure:2749: cc -E  conftest.c
configure:2755: $? = 0
configure:2787: cc -E  conftest.c
conftest.c:10:28: error: ac_nonexistent.h: No such file or directory
configure:2793: $? = 1
configure: failed program was:
| /* confdefs.h.  */
| 
| #define PACKAGE_NAME ""
| #define PACKAGE_TARNAME ""
| #define PACKAGE_VERSION ""
| #define PACKAGE_STRING ""
| #define PACKAGE_BUGREPORT ""
| #define YYTEXT_POINTER 1
| /* end confdefs.h.  */
| #include <ac_nonexistent.h>
configure:2837: checking for egrep
configure:2847: result: grep -E
configure:2854: checking for working alloca.h
configure:2875: cc -o conftest -g -O2   conftest.c  >&5
configure:2881: $? = 0
configure:2885: test -z 
			 || test ! -s conftest.err
configure:2888: $? = 0
configure:2891: test -s conftest
configure:2894: $? = 0
configure:2906: result: yes
configure:2916: checking for alloca
configure:2957: cc -o conftest -g -O2   conftest.c  >&5
configure:2963: $? = 0
configure:2967: test -z 
			 || test ! -s conftest.err
configure:2970: $? = 0
configure:2973: test -s conftest
configure:2976: $? = 0
configure:2988: result: yes
configure:3215: checking for strcasecmp
configure:3272: cc -o conftest -g -O2   conftest.c  >&5
configure:3278: $? = 0
configure:3282: test -z 
			 || test ! -s conftest.err
configure:3285: $? = 0
configure:3288: test -s conftest
configure:3291: $? = 0
configure:3303: result: yes
configure:3421: creating ./config.status

## ---------------------- ##
## Running config.status. ##
## ---------------------- ##

This file was extended by config.status, which was
generated by GNU Autoconf 2.59.  Invocation command line was

  CONFIG_FILES    = 
  CONFIG_HEADERS  = 
  CONFIG_LINKS    = 
  CONFIG_COMMANDS = 
  $ ./config.status 

on phoenix

config.status:654: creating Makefile
config.status:758: creating config.h
config.status:848: config.h is unchanged

## ---------------- ##
## Cache variables. ##
## ---------------- ##

ac_cv_c_compiler_gnu=yes
ac_cv_env_CC_set=set
ac_cv_env_CC_value=cc
ac_cv_env_CFLAGS_set=
ac_cv_env_CFLAGS_value=
ac_cv_env_CPPFLAGS_set=
ac_cv_env_CPPFLAGS_value=
ac_cv_env_CPP_set=
ac_cv_env_CPP_value=
ac_cv_env_LDFLAGS_set=
ac_cv_env_LDFLAGS_value=
ac_cv_env_build_alias_set=
ac_cv_env_build_alias_value=
ac_cv_env_host_alias_set=
ac_cv_env_host_alias_value=
ac_cv_env_target_alias_set=
ac_cv_env_target_alias_value=
ac_cv_exeext=
ac_cv_func_alloca_works=yes
ac_cv_func_strcasecmp=yes
ac_cv_lib_fl_yywrap=yes
ac_cv_objext=o
ac_cv_path_install='/usr/bin/install -c'
ac_cv_prog_CPP='cc -E'
ac_cv_prog_LEX=flex
ac_cv_prog_YACC='bison -y'
ac_cv_prog_ac_ct_CC=cc
ac_cv_prog_cc_g=yes
ac_cv_prog_cc_stdc=
ac_cv_prog_egrep='grep -E'
ac_cv_prog_lex_root=lex.yy
ac_cv_prog_lex_yytext_pointer=yes
ac_cv_working_alloca_h=yes

## ----------------- ##
## Output variables. ##
## ----------------- ##

ALLOCA=''
CC='cc'
CFLAGS='-g -O2'
CPP='cc -E'
CPPFLAGS=''
DEFS='-DHAVE_CONFIG_H'
ECHO_C='ECHO_N=''
ECHO_T=''
EGREP='grep -E'
EXEEXT=''
INSTALL_DATA='${INSTALL} -m 644'
INSTALL_PROGRAM='${INSTALL}'
INSTALL_SCRIPT='${INSTALL}'
LDFLAGS=''
LEX='flex'
LEXLIB='-lfl'
LEX_OUTPUT_ROOT='lex.yy'
LIBOBJS=''
LIBS=''
LTLIBOBJS=''
OBJEXT='o'
PACKAGE_BUGREPORT=''
PACKAGE_NAME=''
PACKAGE_STRING=''
PACKAGE_TARNAME=''
PACKAGE_VERSION=''
PATH_SEPARATOR=':'
SHELL='/bin/sh'
YACC='bison -y'
ac_ct_CC='cc'
bindir='${exec_prefix}/bin'
build_alias=''
datadir='${prefix}/share'
exec_prefix='${prefix}'
host_alias=''
includedir='${prefix}/include'
infodir='${prefix}/info'
libdir='${exec_prefix}/lib'
libexecdir='${exec_prefix}/libexec'
localstatedir='${prefix}/var'
mandir='${prefix}/man'
oldincludedir='/usr/include'
prefix='/usr/local'
program_transform_name='s,x,x,'
sbindir='${exec_prefix}/sbin'
sharedstatedir='${prefix}/com'
sysconfdir='${prefix}/etc'
target_alias=''

## ----------- ##
## confdefs.h. ##
## ----------- ##

#define HAVE_ALLOCA 1
#define HAVE_ALLOCA_H 1
#define HAVE_STRCASECMP 1
#define PACKAGE_BUGREPORT ""
#define PACKAGE_NAME ""
#define PACKAGE_STRING ""
#define PACKAGE_TARNAME ""
#define PACKAGE_VERSION ""
#define YYTEXT_POINTER 1

configure: exit 0
