This is pdfTeX, Version 3.14159-1.10a (Web2C 7.4.5) (format=pdflatex 2004.7.29)  27 SEP 2006 09:27
**wkc_UserGuide
(./wkc_UserGuide.tex{/var/lib/texmf/pdftex/config/pdftex.cfg}
LaTeX2e <2001/06/01>
Babel <v3.7h> and hyphenation patterns for american, french, german, ngerman, n
ohyphenation, loaded.
(/usr/share/texmf/tex/latex/base/article.cls
Document Class: article 2001/04/21 v1.4e Standard LaTeX document class
(/usr/share/texmf/tex/latex/base/size12.clo
File: size12.clo 2001/04/21 v1.4e Standard LaTeX file (size option)
)
\c@part=\count79
\c@section=\count80
\c@subsection=\count81
\c@subsubsection=\count82
\c@paragraph=\count83
\c@subparagraph=\count84
\c@figure=\count85
\c@table=\count86
\abovecaptionskip=\skip41
\belowcaptionskip=\skip42
\bibindent=\dimen102
)
(/usr/share/texmf/tex/latex/graphics/graphicx.sty
Package: graphicx 1999/02/16 v1.0f Enhanced LaTeX Graphics (DPC,SPQR)

(/usr/share/texmf/tex/latex/graphics/keyval.sty
Package: keyval 1999/03/16 v1.13 key=value parser (DPC)
\KV@toks@=\toks14
)
(/usr/share/texmf/tex/latex/graphics/graphics.sty
Package: graphics 2001/07/07 v1.0n Standard LaTeX Graphics (DPC,SPQR)

(/usr/share/texmf/tex/latex/graphics/trig.sty
Package: trig 1999/03/16 v1.09 sin cos tan (DPC)
)
(/usr/share/texmf/tex/latex/config/graphics.cfg
File: graphics.cfg 2001/08/31 v1.1 graphics configuration of teTeX/TeXLive
)
Package graphics Info: Driver file: pdftex.def on input line 80.

(/usr/share/texmf/tex/latex/graphics/pdftex.def
File: pdftex.def 2002/06/19 v0.03k graphics/color for pdftex
\Gread@gobject=\count87
))
\Gin@req@height=\dimen103
\Gin@req@width=\dimen104
)
(/usr/share/texmf/tex/latex/hyperref/hyperref.sty
Package: hyperref 2003/01/22 v6.73n Hypertext links for LaTeX
\@linkdim=\dimen105
\Hy@linkcounter=\count88
\Hy@pagecounter=\count89

(/usr/share/texmf/tex/latex/hyperref/pd1enc.def
File: pd1enc.def 2003/01/22 v6.73n Hyperref: PDFDocEncoding definition (HO)
)
(/usr/share/texmf/tex/latex/config/hyperref.cfg
File: hyperref.cfg 2002/06/06 v1.2 hyperref configuration of TeXLive and teTeX
)
Package hyperref Info: Hyper figures OFF on input line 1792.
Package hyperref Info: Link nesting OFF on input line 1797.
Package hyperref Info: Hyper index ON on input line 1800.
Package hyperref Info: Plain pages ON on input line 1805.
Package hyperref Info: Backreferencing OFF on input line 1812.

Implicit mode ON; LaTeX internals redefined
Package hyperref Info: Bookmarks ON on input line 1916.
(/usr/share/texmf/tex/latex/html/url.sty
Package: url 1999/03/02  ver 1.4  Verb mode for urls, email addresses, and file
 names
)
LaTeX Info: Redefining \url on input line 2055.
\Fld@menulength=\count90
\Field@Width=\dimen106
\Fld@charsize=\dimen107
\Choice@toks=\toks15
\Field@toks=\toks16
Package hyperref Info: Hyper figures OFF on input line 2513.
Package hyperref Info: Link nesting OFF on input line 2518.
Package hyperref Info: Hyper index ON on input line 2521.
Package hyperref Info: backreferencing OFF on input line 2528.
Package hyperref Info: Link coloring OFF on input line 2533.
\c@Item=\count91
\c@Hfootnote=\count92
)
*hyperref using default driver hpdftex*
(/usr/share/texmf/tex/latex/hyperref/hpdftex.def
File: hpdftex.def 2003/01/22 v6.73n Hyperref driver for pdfTeX

(/usr/share/texmf/tex/latex/psnfss/pifont.sty
Package: pifont 2002/09/08 PSNFSS-v9.0a Pi font support (SPQR) 
LaTeX Font Info:    Try loading font information for U+pzd on input line 62.

(/usr/share/texmf/tex/latex/psnfss/upzd.fd
File: upzd.fd 2001/06/04 font definitions for U/pzd.
)
LaTeX Font Info:    Try loading font information for U+psy on input line 63.

(/usr/share/texmf/tex/latex/psnfss/upsy.fd
File: upsy.fd 2001/06/04 font definitions for U/psy.
))
\Fld@listcount=\count93
\@outlinefile=\write3
)
(/usr/share/texmf/tex/latex/html/html.sty
Package: html 1999/07/19 v1.38 hypertext commands for latex2html (nd, hws, rrm)

\c@lpart=\count94
\c@lchapter=\count95
\c@chapter=\count96
\c@lsection=\count97
\c@lsubsection=\count98
\c@lsubsubsection=\count99
\c@lparagraph=\count100
\c@lsubparagraph=\count101
\c@lsubsubparagraph=\count102
\ptrfile=\write4
)
(/usr/share/texmf/tex/latex/natbib/natbib.sty
Package: natbib 2000/07/24 7.0a (PWD)
\bibhang=\skip43
\bibsep=\skip44
LaTeX Info: Redefining \cite on input line 508.
\c@NAT@ctr=\count103
)
(/usr/share/texmf/tex/latex/misc/tocbibind.sty
Package: tocbibind 2003/02/04 v1.5f extra ToC listings


Package tocbibind Note: The document has section divisions.


Package tocbibind Note: Using section or other style headings.

) (/usr/share/texmf/tex/latex/misc/float.sty
Package: float 2001/11/08 v1.3d Float enhancements (AL)
\c@float@type=\count104
\float@exts=\toks17
\float@box=\box26
\@float@everytoks=\toks18
\@floatcapt=\box27
)
\@float@every@File=\toks19
\c@File=\count105
\fminibox=\box28
\fminilength=\skip45
 (./wkc_UserGuide.aux)
\openout1 = `wkc_UserGuide.aux'.

LaTeX Font Info:    Checking defaults for OML/cmm/m/it on input line 71.
LaTeX Font Info:    ... okay on input line 71.
LaTeX Font Info:    Checking defaults for T1/cmr/m/n on input line 71.
LaTeX Font Info:    ... okay on input line 71.
LaTeX Font Info:    Checking defaults for OT1/cmr/m/n on input line 71.
LaTeX Font Info:    ... okay on input line 71.
LaTeX Font Info:    Checking defaults for OMS/cmsy/m/n on input line 71.
LaTeX Font Info:    ... okay on input line 71.
LaTeX Font Info:    Checking defaults for OMX/cmex/m/n on input line 71.
LaTeX Font Info:    ... okay on input line 71.
LaTeX Font Info:    Checking defaults for U/cmr/m/n on input line 71.
LaTeX Font Info:    ... okay on input line 71.
LaTeX Font Info:    Checking defaults for PD1/pdf/m/n on input line 71.
LaTeX Font Info:    ... okay on input line 71.
Package hyperref Info: Link coloring OFF on input line 71.

(/usr/share/texmf/tex/latex/hyperref/nameref.sty
Package: nameref 2001/01/27 v2.19 Cross-referencing by name of section
\c@section@level=\count106
)
LaTeX Info: Redefining \ref on input line 71.
LaTeX Info: Redefining \pageref on input line 71.
 (./wkc_UserGuide.out)
(./wkc_UserGuide.out)
\openout3 = `wkc_UserGuide.out'.

LaTeX Font Info:    External font `cmex10' loaded for size
(Font)              <14.4> on input line 76.
LaTeX Font Info:    External font `cmex10' loaded for size
(Font)              <7> on input line 76.
 (./wkc_UserGuide.toc
LaTeX Font Info:    External font `cmex10' loaded for size
(Font)              <12> on input line 9.
LaTeX Font Info:    External font `cmex10' loaded for size
(Font)              <8> on input line 9.
LaTeX Font Info:    External font `cmex10' loaded for size
(Font)              <6> on input line 9.
)
\tf@toc=\write5
\openout5 = `wkc_UserGuide.toc'.

 [1

{/var/lib/texmf/dvips/config/pdftex.map}] [2] [3]
LaTeX Font Info:    Try loading font information for OMS+cmr on input line 102.

 (/usr/share/texmf/tex/latex/base/omscmr.fd
File: omscmr.fd 1999/05/25 v2.5h Standard LaTeX font definitions
)
LaTeX Font Info:    Font shape `OMS/cmr/m/n' in size <12> not available
(Font)              Font shape `OMS/cmsy/m/n' tried instead on input line 102.

<figs/wkc_schematic_2.pdf, id=120, 640.3925pt x 626.34pt>
File: figs/wkc_schematic_2.pdf Graphic file (type pdf)

<use figs/wkc_schematic_2.pdf>

LaTeX Warning: `h' float specifier changed to `ht'.


Overfull \hbox (2.90887pt too wide) in paragraph at lines 119--120
/cmr12/WKC reads KPP species in-put files with suf-fix /cmtt12/.spc /cmr12/and 
the file /cmtt12/Registry/Registry.EM[]CHEM
 []

[4]
Underfull \vbox (badness 3343) has occurred while \output is active []

 [5
! pdfTeX warning (ext4): destination with the same identifier (name{figure.1}) 
has been already used, duplicate ignored
<to be read again> 
                   \endgroup 
l.136 
       <./figs/wkc_schematic_2.pdf>]
<figs/mech_4.pdf, id=156, 1115.16624pt x 599.23875pt>
File: figs/mech_4.pdf Graphic file (type pdf)
 <use figs/mech_4.pdf>
Overfull \hbox (13.78748pt too wide) in paragraph at lines 155--156
/cmr12/in the /cmtt12/chem /cmr12/di-rec-tory in /cmtt12/module[]kpp[]my[]mecha
nism[]Integrator.f90/cmr12/, where /cmtt12/``my[]mechanism''
 []

[6
! pdfTeX warning (ext4): destination with the same identifier (name{figure.2}) 
has been already used, duplicate ignored
<to be read again> 
                   \endgroup 
l.161   \begin{V1}
                   <./figs/mech_4.pdf>]
LaTeX Font Info:    External font `cmex10' loaded for size
(Font)              <5> on input line 162.

Overfull \hbox (12.17978pt too wide) in paragraph at lines 205--205
[]   /cmtt12/{244} MSACP+NO2=MPAN : TROE( 9.70e-29 , 5.6 , 9.30e-12 , 1.5 , TEM
P, C_M) ;[] 
 []


Package hyperref Warning: bookmark level for unknown File defaults to 0.


Overfull \hbox (6.79999pt too wide) in paragraph at lines 207--209
[]
 []

[7]
Overfull \hbox (0.36185pt too wide) in paragraph at lines 232--233
[]/cmr12/Change the ar-gu-ments in the /cmtt12/SUBROUTINE (KPP[]ROOT[])INTEGRAT
E /cmr12/state-ments to match
 []

[8] [9] (./wkc_UserGuide.bbl) [10] (./wkc_UserGuide.aux) )
(\end occurred inside a group at level 1) 
Here is how much of TeX's memory you used:
 2907 strings out of 95440
 37922 string characters out of 1190277
 92421 words of memory out of 1000001
 5860 multiletter control sequences out of 10000+50000
 10619 words of font info for 37 fonts, out of 500000 for 1000
 14 hyphenation exceptions out of 1000
 27i,8n,36p,1036b,435s stack positions out of 1500i,500n,5000p,200000b,5000s
 200 PDF objects out of 300000
 35 named destinations out of 131072
 124 words of extra memory for PDF output out of 65536
{/usr/share/texmf/dvips/tetex/f7b6d320
.enc}</usr/share/texmf/fonts/type1/bluesky/cm/cmss10.pfb></usr/share/texmf/font
s/type1/bluesky/cm/cmr8.pfb>{/usr/share/texmf/dvips/tetex/bbad153f.enc}</usr/sh
are/texmf/fonts/type1/bluesky/cm/cmsy8.pfb></usr/share/texmf/fonts/type1/bluesk
y/cm/cmsy6.pfb></usr/share/texmf/fonts/type1/bluesky/cm/cmsy10.pfb>{/usr/share/
texmf/dvips/tetex/aae443f0.enc}</usr/share/texmf/fonts/type1/bluesky/cm/cmmi12.
pfb>{/usr/share/texmf/dvips/tetex/74afc74c.enc}</usr/share/texmf/fonts/type1/bl
uesky/cm/cmti12.pfb>{/usr/share/texmf/dvips/tetex/09fbbfac.enc}</usr/share/texm
f/fonts/type1/bluesky/cm/cmtt12.pfb></usr/share/texmf/fonts/type1/bluesky/cm/cm
r12.pfb></usr/share/texmf/fonts/type1/bluesky/cm/cmbx12.pfb>
Output written on wkc_UserGuide.pdf (10 pages, 131675 bytes).
